npm verbose cli C:\Program Files\nodejs\node.exe C:\Users\qapat\AppData\Roaming\npm\node_modules\npm\bin\npm-cli.js
npm info using npm@10.8.2
npm info using node@v20.16.0
npm verbose title npm install
npm verbose argv "install" "--legacy-peer-deps" "--loglevel" "verbose"
npm verbose logfile logs-max:10 dir:C:\Users\qapat\AppData\Local\npm-cache\_logs\2024-08-13T23_32_25_740Z-
npm verbose logfile C:\Users\qapat\AppData\Local\npm-cache\_logs\2024-08-13T23_32_25_740Z-debug-0.log
npm http fetch GET 200 https://registry.npmjs.org/@faker-js%2ffaker 352ms (cache revalidated)
npm http fetch GET 200 https://registry.npmjs.org/cypress-mochawesome-reporter 7ms (cache hit)
npm http fetch GET 200 https://registry.npmjs.org/browserstack-cypress-cli 688ms (cache revalidated)
npm http fetch GET 200 https://registry.npmjs.org/cypress 94ms (cache revalidated)
npm http fetch GET 200 https://registry.npmjs.org/async 247ms (cache revalidated)
npm http fetch GET 200 https://registry.npmjs.org/cli-progress 253ms (cache revalidated)
npm http fetch GET 200 https://registry.npmjs.org/fs-extra 299ms (cache revalidated)
npm http fetch GET 200 https://registry.npmjs.org/archiver 310ms (cache revalidated)
npm http fetch GET 200 https://registry.npmjs.org/chalk 319ms (cache revalidated)
npm http fetch GET 200 https://registry.npmjs.org/glob 319ms (cache revalidated)
npm http fetch GET 200 https://registry.npmjs.org/mkdirp 107ms (cache revalidated)
npm http fetch GET 200 https://registry.npmjs.org/mocha 127ms (cache revalidated)
npm http fetch GET 200 https://registry.npmjs.org/request 97ms (cache revalidated)
npm http fetch GET 200 https://registry.npmjs.org/table 118ms (cache revalidated)
npm http fetch GET 200 https://registry.npmjs.org/windows-release 131ms (cache revalidated)
npm http fetch GET 200 https://registry.npmjs.org/update-notifier 179ms (cache revalidated)
npm http fetch GET 200 https://registry.npmjs.org/winston 96ms (cache revalidated)
npm http fetch GET 200 https://registry.npmjs.org/uuid 154ms (cache revalidated)
npm http fetch GET 200 https://registry.npmjs.org/yargs 93ms (cache revalidated)
npm http fetch GET 200 https://registry.npmjs.org/arch 128ms (cache revalidated)
npm http fetch GET 200 https://registry.npmjs.org/tmp 138ms (cache revalidated)
npm http fetch GET 200 https://registry.npmjs.org/decompress 161ms (cache revalidated)
npm http fetch GET 200 https://registry.npmjs.org/debug 87ms (cache revalidated)
npm http fetch GET 200 https://registry.npmjs.org/execa 87ms (cache revalidated)
npm http fetch GET 200 https://registry.npmjs.org/dayjs 140ms (cache revalidated)
npm http fetch GET 200 https://registry.npmjs.org/browserstack-local 798ms (cache revalidated)
npm http fetch GET 200 https://registry.npmjs.org/git-repo-info 850ms (cache revalidated)
npm http fetch GET 200 https://registry.npmjs.org/gitconfiglocal 868ms (cache revalidated)
npm http fetch GET 200 https://registry.npmjs.org/git-last-commit 921ms (cache revalidated)
npm http fetch GET 200 https://registry.npmjs.org/is-ci 149ms (cache revalidated)
npm http fetch GET 200 https://registry.npmjs.org/yauzl 147ms (cache revalidated)
npm http fetch GET 200 https://registry.npmjs.org/listr2 139ms (cache revalidated)
npm http fetch GET 200 https://registry.npmjs.org/buffer 153ms (cache revalidated)
npm http fetch GET 200 https://registry.npmjs.org/lodash 101ms (cache revalidated)
npm http fetch GET 200 https://registry.npmjs.org/ospath 86ms (cache revalidated)
npm http fetch GET 200 https://registry.npmjs.org/requestretry 685ms (cache revalidated)
npm http fetch GET 200 https://registry.npmjs.org/enquirer 115ms (cache revalidated)
npm http fetch GET 200 https://registry.npmjs.org/process 147ms (cache revalidated)
npm http fetch GET 200 https://registry.npmjs.org/semver 153ms (cache revalidated)
npm http fetch GET 200 https://registry.npmjs.org/bluebird 145ms (cache revalidated)
npm http fetch GET 200 https://registry.npmjs.org/figures 166ms (cache revalidated)
npm http fetch GET 200 https://registry.npmjs.org/minimist 101ms (cache revalidated)
npm http fetch GET 200 https://registry.npmjs.org/lazy-ass 149ms (cache revalidated)
npm http fetch GET 200 https://registry.npmjs.org/node-ipc 812ms (cache revalidated)
npm http fetch GET 200 https://registry.npmjs.org/cli-cursor 144ms (cache revalidated)
npm http fetch GET 200 https://registry.npmjs.org/blob-util 159ms (cache revalidated)
npm http fetch GET 200 https://registry.npmjs.org/untildify 153ms (cache revalidated)
npm http fetch GET 200 https://registry.npmjs.org/common-tags 126ms (cache revalidated)
npm http fetch GET 200 https://registry.npmjs.org/executable 136ms (cache revalidated)
npm http fetch GET 200 https://registry.npmjs.org/commander 169ms (cache revalidated)
npm http fetch GET 200 https://registry.npmjs.org/cli-table3 166ms (cache revalidated)
npm http fetch GET 200 https://registry.npmjs.org/proxy-from-env 114ms (cache revalidated)
npm http fetch GET 200 https://registry.npmjs.org/log-symbols 137ms (cache revalidated)
npm http fetch GET 200 https://registry.npmjs.org/pretty-bytes 142ms (cache revalidated)
npm http fetch GET 200 https://registry.npmjs.org/eventemitter2 137ms (cache revalidated)
npm http fetch GET 200 https://registry.npmjs.org/@types%2fsizzle 157ms (cache revalidated)
npm http fetch GET 200 https://registry.npmjs.org/@cypress%2fxvfb 178ms (cache revalidated)
npm http fetch GET 200 https://registry.npmjs.org/getos 708ms (cache revalidated)
npm http fetch GET 200 https://registry.npmjs.org/getmac 1448ms (cache revalidated)
npm http fetch GET 200 https://registry.npmjs.org/request-progress 147ms (cache revalidated)
npm http fetch GET 200 https://registry.npmjs.org/check-more-types 154ms (cache revalidated)
npm http fetch GET 200 https://registry.npmjs.org/is-installed-globally 148ms (cache revalidated)
npm http fetch GET 200 https://registry.npmjs.org/mochawesome-merge 117ms (cache revalidated)
npm http fetch GET 200 https://registry.npmjs.org/mochawesome 121ms (cache revalidated)
npm http fetch GET 200 https://registry.npmjs.org/@types%2fsinonjs__fake-timers 164ms (cache revalidated)
npm http fetch GET 200 https://registry.npmjs.org/cachedir 728ms (cache revalidated)
npm http fetch GET 200 https://registry.npmjs.org/supports-color 410ms (cache revalidated)
npm http fetch GET 200 https://registry.npmjs.org/@cypress%2frequest 305ms (cache revalidated)
npm http fetch GET 200 https://registry.npmjs.org/extract-zip 677ms (cache revalidated)
npm http fetch GET 200 https://registry.npmjs.org/mochawesome-report-generator 722ms (cache revalidated)
npm http fetch GET 200 https://registry.npmjs.org/https-proxy-agent 82ms (cache revalidated)
npm http fetch GET 200 https://registry.npmjs.org/ps-tree 85ms (cache revalidated)
npm http fetch GET 200 https://registry.npmjs.org/archiver-utils 103ms (cache revalidated)
npm http fetch GET 200 https://registry.npmjs.org/tar-stream 103ms (cache revalidated)
npm http fetch GET 200 https://registry.npmjs.org/readdir-glob 108ms (cache revalidated)
npm http fetch GET 200 https://registry.npmjs.org/zip-stream 107ms (cache revalidated)
npm http fetch GET 200 https://registry.npmjs.org/agent-base 104ms (cache revalidated)
npm http fetch GET 200 https://registry.npmjs.org/readable-stream 123ms (cache revalidated)
npm http fetch GET 200 https://registry.npmjs.org/buffer-crc32 145ms (cache revalidated)
npm http fetch GET 200 https://registry.npmjs.org/ansi-styles 78ms (cache revalidated)
npm http fetch GET 200 https://registry.npmjs.org/string-width 93ms (cache revalidated)
npm http fetch GET 200 https://registry.npmjs.org/decompress-tarbz2 151ms (cache revalidated)
npm http fetch GET 200 https://registry.npmjs.org/make-dir 134ms (cache revalidated)
npm http fetch GET 200 https://registry.npmjs.org/pify 117ms (cache revalidated)
npm http fetch GET 200 https://registry.npmjs.org/strip-dirs 96ms (cache revalidated)
npm http fetch GET 200 https://registry.npmjs.org/decompress-tar 163ms (cache revalidated)
npm http fetch GET 200 https://registry.npmjs.org/graceful-fs 155ms (cache revalidated)
npm http fetch GET 200 https://registry.npmjs.org/decompress-unzip 159ms (cache revalidated)
npm http fetch GET 200 https://registry.npmjs.org/graceful-fs 83ms (cache revalidated)
npm http fetch GET 200 https://registry.npmjs.org/jsonfile 79ms (cache revalidated)
npm http fetch GET 200 https://registry.npmjs.org/minimatch 93ms (cache revalidated)
npm http fetch GET 200 https://registry.npmjs.org/inherits 122ms (cache revalidated)
npm http fetch GET 200 https://registry.npmjs.org/inflight 145ms (cache revalidated)
npm http fetch GET 200 https://registry.npmjs.org/once 149ms (cache revalidated)
npm http fetch GET 200 https://registry.npmjs.org/fs.realpath 77ms (cache revalidated)
npm http fetch GET 200 https://registry.npmjs.org/universalify 156ms (cache revalidated)
npm http fetch GET 200 https://registry.npmjs.org/ini 153ms (cache revalidated)
npm http fetch GET 200 https://registry.npmjs.org/@types%2fnode 188ms (cache revalidated)
npm http fetch GET 200 https://registry.npmjs.org/path-is-absolute 150ms (cache revalidated)
npm http fetch GET 200 https://registry.npmjs.org/find-up 101ms (cache revalidated)
npm http fetch GET 200 https://registry.npmjs.org/decompress-targz 415ms (cache revalidated)
npm http fetch GET 200 https://registry.npmjs.org/ansi-colors 132ms (cache revalidated)
npm http fetch GET 200 https://registry.npmjs.org/chokidar 110ms (cache revalidated)
npm http fetch GET 200 https://registry.npmjs.org/escape-string-regexp 130ms (cache revalidated)
npm http fetch GET 200 https://registry.npmjs.org/yargs 8ms (cache hit)
npm http fetch GET 200 https://registry.npmjs.org/diff 154ms (cache revalidated)
npm http fetch GET 200 https://registry.npmjs.org/browser-stdout 158ms (cache revalidated)
npm http fetch GET 200 https://registry.npmjs.org/ms 67ms (cache revalidated)
npm http fetch GET 200 https://registry.npmjs.org/he 93ms (cache revalidated)
npm http fetch GET 200 https://registry.npmjs.org/strip-json-comments 82ms (cache revalidated)
npm http fetch GET 200 https://registry.npmjs.org/serialize-javascript 89ms (cache revalidated)
npm http fetch GET 200 https://registry.npmjs.org/js-yaml 96ms (cache revalidated)
npm http fetch GET 200 https://registry.npmjs.org/yargs-unparser 64ms (cache revalidated)
npm http fetch GET 200 https://registry.npmjs.org/workerpool 110ms (cache revalidated)
npm http fetch GET 200 https://registry.npmjs.org/yargs-parser 79ms (cache revalidated)
npm http fetch GET 200 https://registry.npmjs.org/temp-fs 660ms (cache revalidated)
npm http fetch GET 200 https://registry.npmjs.org/is-running 669ms (cache revalidated)
npm http fetch GET 200 https://registry.npmjs.org/qs 77ms (cache revalidated)
npm http fetch GET 200 https://registry.npmjs.org/extend 75ms (cache revalidated)
npm http fetch GET 200 https://registry.npmjs.org/aws4 83ms (cache revalidated)
npm http fetch GET 200 https://registry.npmjs.org/isstream 87ms (cache revalidated)
npm http fetch GET 200 https://registry.npmjs.org/mime-types 57ms (cache revalidated)
npm http fetch GET 200 https://registry.npmjs.org/aws-sign2 86ms (cache revalidated)
npm http fetch GET 200 https://registry.npmjs.org/form-data 85ms (cache revalidated)
npm http fetch GET 200 https://registry.npmjs.org/caseless 118ms (cache revalidated)
npm http fetch GET 200 https://registry.npmjs.org/safe-buffer 82ms (cache revalidated)
npm http fetch GET 200 https://registry.npmjs.org/tough-cookie 77ms (cache revalidated)
npm http fetch GET 200 https://registry.npmjs.org/oauth-sign 92ms (cache revalidated)
npm http fetch GET 200 https://registry.npmjs.org/tunnel-agent 72ms (cache revalidated)
npm http fetch GET 200 https://registry.npmjs.org/forever-agent 75ms (cache revalidated)
npm http fetch GET 200 https://registry.npmjs.org/http-signature 63ms (cache revalidated)
npm http fetch GET 200 https://registry.npmjs.org/json-stringify-safe 66ms (cache revalidated)
npm http fetch GET 200 https://registry.npmjs.org/har-validator 113ms (cache revalidated)
npm http fetch GET 200 https://registry.npmjs.org/is-typedarray 98ms (cache revalidated)
npm http fetch GET 200 https://registry.npmjs.org/performance-now 77ms (cache revalidated)
npm http fetch GET 200 https://registry.npmjs.org/slice-ansi 64ms (cache revalidated)
npm http fetch GET 200 https://registry.npmjs.org/pupa 70ms (cache revalidated)
npm http fetch GET 200 https://registry.npmjs.org/combined-stream 133ms (cache revalidated)
npm http fetch GET 200 https://registry.npmjs.org/configstore 76ms (cache revalidated)
npm http fetch GET 200 https://registry.npmjs.org/import-lazy 64ms (cache revalidated)
npm http fetch GET 200 https://registry.npmjs.org/is-npm 91ms (cache revalidated)
npm http fetch GET 200 https://registry.npmjs.org/semver-diff 80ms (cache revalidated)
npm http fetch GET 200 https://registry.npmjs.org/boxen 139ms (cache revalidated)
npm http fetch GET 200 https://registry.npmjs.org/latest-version 103ms (cache revalidated)
npm http fetch GET 200 https://registry.npmjs.org/stack-trace 62ms (cache revalidated)
npm http fetch GET 200 https://registry.npmjs.org/colors 94ms (cache revalidated)
npm http fetch GET 200 https://registry.npmjs.org/y18n 71ms (cache revalidated)
npm http fetch GET 200 https://registry.npmjs.org/decamelize 55ms (cache revalidated)
npm http fetch GET 200 https://registry.npmjs.org/cliui 88ms (cache revalidated)
npm http fetch GET 200 https://registry.npmjs.org/set-blocking 65ms (cache revalidated)
npm http fetch GET 200 https://registry.npmjs.org/which-module 67ms (cache revalidated)
npm http fetch GET 200 https://registry.npmjs.org/get-caller-file 75ms (cache revalidated)
npm http fetch GET 200 https://registry.npmjs.org/require-directory 58ms (cache revalidated)
npm http fetch GET 200 https://registry.npmjs.org/js-queue 682ms (cache revalidated)
npm http fetch GET 200 https://registry.npmjs.org/require-main-filename 86ms (cache revalidated)
npm http fetch GET 200 https://registry.npmjs.org/event-pubsub 681ms (cache revalidated)
npm http fetch GET 200 https://registry.npmjs.org/xdg-basedir 376ms (cache revalidated)
npm http fetch GET 200 https://registry.npmjs.org/js-message 711ms (cache revalidated)
npm http fetch GET 200 https://registry.npmjs.org/ajv 695ms (cache revalidated)
npm http fetch GET 200 https://registry.npmjs.org/cycle 659ms (cache revalidated)
npm http fetch GET 200 https://registry.npmjs.org/eyes 671ms (cache revalidated)
npm http fetch GET 200 https://registry.npmjs.org/is-in-ci 759ms (cache revalidated)
npm http fetch GET 200 https://registry.npmjs.org/lodash.isplainobject 83ms (cache revalidated)
npm http fetch GET 200 https://registry.npmjs.org/lazystream 105ms (cache revalidated)
npm http fetch GET 200 https://registry.npmjs.org/lodash.union 111ms (cache revalidated)
npm http fetch GET 200 https://registry.npmjs.org/lodash.defaults 115ms (cache revalidated)
npm http fetch GET 200 https://registry.npmjs.org/lodash.flatten 117ms (cache revalidated)
npm http fetch GET 200 https://registry.npmjs.org/bl 115ms (cache revalidated)
npm http fetch GET 200 https://registry.npmjs.org/string_decoder 120ms (cache revalidated)
npm http fetch GET 200 https://registry.npmjs.org/normalize-path 123ms (cache revalidated)
npm http fetch GET 200 https://registry.npmjs.org/util-deprecate 123ms (cache revalidated)
npm http fetch GET 200 https://registry.npmjs.org/lodash.difference 128ms (cache revalidated)
npm http fetch GET 200 https://registry.npmjs.org/end-of-stream 127ms (cache revalidated)
npm http fetch GET 200 https://registry.npmjs.org/fs-constants 126ms (cache revalidated)
npm http fetch GET 200 https://registry.npmjs.org/compress-commons 111ms (cache revalidated)
npm http fetch GET 200 https://registry.npmjs.org/isarray 77ms (cache revalidated)
npm http fetch GET 200 https://registry.npmjs.org/process-nextick-args 101ms (cache revalidated)
npm http fetch GET 200 https://registry.npmjs.org/core-util-is 103ms (cache revalidated)
npm http fetch GET 200 https://registry.npmjs.org/event-stream 110ms (cache revalidated)
npm http fetch GET 200 https://registry.npmjs.org/rimraf 130ms (cache revalidated)
npm http fetch GET 200 https://registry.npmjs.org/color-convert 98ms (cache revalidated)
npm http fetch GET 200 https://registry.npmjs.org/has-flag 102ms (cache revalidated)
npm http fetch GET 200 https://registry.npmjs.org/color-name 72ms (cache revalidated)
npm http fetch GET 200 https://registry.npmjs.org/is-fullwidth-code-point 77ms (cache revalidated)
npm http fetch GET 200 https://registry.npmjs.org/emoji-regex 85ms (cache revalidated)
npm http fetch GET 200 https://registry.npmjs.org/strip-ansi 708ms (cache revalidated)
npm http fetch GET 200 https://registry.npmjs.org/is-stream 127ms (cache revalidated)
npm http fetch GET 200 https://registry.npmjs.org/lodash.once 133ms (cache revalidated)
npm http fetch GET 200 https://registry.npmjs.org/signal-exit 129ms (cache revalidated)
npm http fetch GET 200 https://registry.npmjs.org/merge-stream 130ms (cache revalidated)
npm http fetch GET 200 https://registry.npmjs.org/base64-js 135ms (cache revalidated)
npm http fetch GET 200 https://registry.npmjs.org/cross-spawn 134ms (cache revalidated)
npm http fetch GET 200 https://registry.npmjs.org/get-stream 162ms (cache revalidated)
npm http fetch GET 200 https://registry.npmjs.org/restore-cursor 166ms (cache revalidated)
npm http fetch GET 200 https://registry.npmjs.org/onetime 285ms (cache revalidated)
npm http fetch GET 200 https://registry.npmjs.org/@types%2fyauzl 153ms (cache revalidated)
npm http fetch GET 200 https://registry.npmjs.org/@colors%2fcolors 292ms (cache revalidated)
npm http fetch GET 200 https://registry.npmjs.org/global-dirs 128ms (cache revalidated)
npm http fetch GET 200 https://registry.npmjs.org/npm-run-path 167ms (cache revalidated)
npm http fetch GET 200 https://registry.npmjs.org/strip-final-newline 169ms (cache revalidated)
npm http fetch GET 200 https://registry.npmjs.org/get-stream 172ms (cache revalidated)
npm http fetch GET 200 https://registry.npmjs.org/ci-info 146ms (cache revalidated)
npm http fetch GET 200 https://registry.npmjs.org/human-signals 197ms (cache revalidated)
npm http fetch GET 200 https://registry.npmjs.org/at-least-node 196ms (cache revalidated)
npm http fetch GET 200 https://registry.npmjs.org/rfdc 142ms (cache revalidated)
npm http fetch GET 200 https://registry.npmjs.org/is-path-inside 149ms (cache revalidated)
npm http fetch GET 200 https://registry.npmjs.org/colorette 134ms (cache revalidated)
npm http fetch GET 200 https://registry.npmjs.org/log-update 124ms (cache revalidated)
npm http fetch GET 200 https://registry.npmjs.org/through 143ms (cache revalidated)
npm http fetch GET 200 https://registry.npmjs.org/rxjs 151ms (cache revalidated)
npm http fetch GET 200 https://registry.npmjs.org/wrap-ansi 148ms (cache revalidated)
npm http fetch GET 200 https://registry.npmjs.org/cli-truncate 128ms (cache revalidated)
npm http fetch GET 200 https://registry.npmjs.org/ieee754 462ms (cache revalidated)
npm http fetch GET 200 https://registry.npmjs.org/p-map 169ms (cache revalidated)
npm http fetch GET 200 https://registry.npmjs.org/is-unicode-supported 133ms (cache revalidated)
npm http fetch GET 200 https://registry.npmjs.org/throttleit 102ms (cache revalidated)
npm http fetch GET 200 https://registry.npmjs.org/fd-slicer 115ms (cache revalidated)
npm http fetch GET 200 https://registry.npmjs.org/url-parse 75ms (cache revalidated)
npm http fetch GET 200 https://registry.npmjs.org/punycode 96ms (cache revalidated)
npm http fetch GET 200 https://registry.npmjs.org/mime-db 99ms (cache revalidated)
npm http fetch GET 200 https://registry.npmjs.org/asynckit 103ms (cache revalidated)
npm http fetch GET 200 https://registry.npmjs.org/delayed-stream 109ms (cache revalidated)
npm http fetch GET 200 https://registry.npmjs.org/sshpk 108ms (cache revalidated)
npm http fetch GET 200 https://registry.npmjs.org/assert-plus 111ms (cache revalidated)
npm http fetch GET 200 https://registry.npmjs.org/side-channel 110ms (cache revalidated)
npm http fetch GET 200 https://registry.npmjs.org/jsprim 111ms (cache revalidated)
npm http fetch GET 200 https://registry.npmjs.org/psl 113ms (cache revalidated)
npm http fetch GET 200 https://registry.npmjs.org/yargs 28ms (cache hit)
npm http fetch GET 200 https://registry.npmjs.org/lodash.isstring 78ms (cache revalidated)
npm http fetch GET 200 https://registry.npmjs.org/dateformat 86ms (cache revalidated)
npm http fetch GET 200 https://registry.npmjs.org/lodash.isobject 93ms (cache revalidated)
npm http fetch GET 200 https://registry.npmjs.org/lodash.isfunction 94ms (cache revalidated)
npm http fetch GET 200 https://registry.npmjs.org/yargs 16ms (cache hit)
npm http fetch GET 200 https://registry.npmjs.org/lodash.isfunction 115ms (cache revalidated)
npm http fetch GET 200 https://registry.npmjs.org/opener 115ms (cache revalidated)
npm http fetch GET 200 https://registry.npmjs.org/fsu 119ms (cache revalidated)
npm http fetch GET 200 https://registry.npmjs.org/escape-html 121ms (cache revalidated)
npm http fetch GET 200 https://registry.npmjs.org/tcomb 91ms (cache revalidated)
npm http fetch GET 200 https://registry.npmjs.org/prop-types 120ms (cache revalidated)
npm http fetch GET 200 https://registry.npmjs.org/validator 106ms (cache revalidated)
npm http fetch GET 200 https://registry.npmjs.org/lodash.isempty 685ms (cache revalidated)
npm http fetch GET 200 https://registry.npmjs.org/tcomb-validation 653ms (cache revalidated)
npm http fetch GET 200 https://registry.npmjs.org/is-natural-number 100ms (cache revalidated)
npm http fetch GET 200 https://registry.npmjs.org/file-type 128ms (cache revalidated)
npm http fetch GET 200 https://registry.npmjs.org/file-type 126ms (cache revalidated)
npm http fetch GET 200 https://registry.npmjs.org/file-type 132ms (cache revalidated)
npm http fetch GET 200 https://registry.npmjs.org/file-type 144ms (cache revalidated)
npm http fetch GET 200 https://registry.npmjs.org/unbzip2-stream 168ms (cache revalidated)
npm http fetch GET 200 https://registry.npmjs.org/seek-bzip 711ms (cache revalidated)
npm http fetch GET 200 https://registry.npmjs.org/to-buffer 75ms (cache revalidated)
npm http fetch GET 200 https://registry.npmjs.org/buffer-alloc 94ms (cache revalidated)
npm http fetch GET 200 https://registry.npmjs.org/xtend 112ms (cache revalidated)
npm http fetch GET 200 https://registry.npmjs.org/pinkie-promise 75ms (cache revalidated)
npm http fetch GET 200 https://registry.npmjs.org/object-assign 84ms (cache revalidated)
npm http fetch GET 200 https://registry.npmjs.org/ansi-regex 72ms (cache revalidated)
npm http fetch GET 200 https://registry.npmjs.org/mimic-fn 90ms (cache revalidated)
npm http fetch GET 200 https://registry.npmjs.org/shebang-command 92ms (cache revalidated)
npm http fetch GET 200 https://registry.npmjs.org/pump 93ms (cache revalidated)
npm http fetch GET 200 https://registry.npmjs.org/path-key 95ms (cache revalidated)
npm http fetch GET 200 https://registry.npmjs.org/path-key 94ms (cache revalidated)
npm http fetch GET 200 https://registry.npmjs.org/which 98ms (cache revalidated)
npm http fetch GET 200 https://registry.npmjs.org/shebang-regex 101ms (cache revalidated)
npm http fetch GET 200 https://registry.npmjs.org/isexe 101ms (cache revalidated)
npm http fetch GET 200 https://registry.npmjs.org/@types%2fnode 33ms (cache hit)
npm http fetch GET 200 https://registry.npmjs.org/undici-types 86ms (cache revalidated)
npm http fetch GET 200 https://registry.npmjs.org/pinkie 88ms (cache revalidated)
npm http fetch GET 200 https://registry.npmjs.org/wrappy 98ms (cache revalidated)
npm http fetch GET 200 https://registry.npmjs.org/brace-expansion 103ms (cache revalidated)
npm http fetch GET 200 https://registry.npmjs.org/wrappy 124ms (cache revalidated)
npm http fetch GET 200 https://registry.npmjs.org/asn1 79ms (cache revalidated)
npm http fetch GET 200 https://registry.npmjs.org/getpass 95ms (cache revalidated)
npm http fetch GET 200 https://registry.npmjs.org/bcrypt-pbkdf 114ms (cache revalidated)
npm http fetch GET 200 https://registry.npmjs.org/dashdash 118ms (cache revalidated)
npm http fetch GET 200 https://registry.npmjs.org/jsbn 117ms (cache revalidated)
npm http fetch GET 200 https://registry.npmjs.org/safer-buffer 119ms (cache revalidated)
npm http fetch GET 200 https://registry.npmjs.org/ecc-jsbn 118ms (cache revalidated)
npm http fetch GET 200 https://registry.npmjs.org/extsprintf 124ms (cache revalidated)
npm http fetch GET 200 https://registry.npmjs.org/json-schema 124ms (cache revalidated)
npm http fetch GET 200 https://registry.npmjs.org/verror 123ms (cache revalidated)
npm http fetch GET 200 https://registry.npmjs.org/tweetnacl 121ms (cache revalidated)
npm http fetch GET 200 https://registry.npmjs.org/ansi-escapes 84ms (cache revalidated)
npm http fetch GET 200 https://registry.npmjs.org/aggregate-error 96ms (cache revalidated)
npm http fetch GET 200 https://registry.npmjs.org/tslib 101ms (cache revalidated)
npm http fetch GET 200 https://registry.npmjs.org/astral-regex 692ms (cache revalidated)
npm http fetch GET 200 https://registry.npmjs.org/type-fest 64ms (cache revalidated)
npm http fetch GET 200 https://registry.npmjs.org/balanced-match 75ms (cache revalidated)
npm http fetch GET 200 https://registry.npmjs.org/concat-map 97ms (cache revalidated)
npm http fetch GET 200 https://registry.npmjs.org/randombytes 72ms (cache revalidated)
npm http fetch GET 200 https://registry.npmjs.org/anymatch 83ms (cache revalidated)
npm http fetch GET 200 https://registry.npmjs.org/braces 84ms (cache revalidated)
npm http fetch GET 200 https://registry.npmjs.org/locate-path 118ms (cache revalidated)
npm http fetch GET 200 https://registry.npmjs.org/is-glob 123ms (cache revalidated)
npm http fetch GET 200 https://registry.npmjs.org/glob-parent 126ms (cache revalidated)
npm http fetch GET 200 https://registry.npmjs.org/path-exists 125ms (cache revalidated)
npm http fetch GET 200 https://registry.npmjs.org/fsevents 128ms (cache revalidated)
npm http fetch GET 200 https://registry.npmjs.org/argparse 129ms (cache revalidated)
npm http fetch GET 200 https://registry.npmjs.org/is-binary-path 135ms (cache revalidated)
npm http fetch GET 200 https://registry.npmjs.org/readdirp 134ms (cache revalidated)
npm http fetch GET 200 https://registry.npmjs.org/camelcase 99ms (cache revalidated)
npm http fetch GET 200 https://registry.npmjs.org/flat 100ms (cache revalidated)
npm http fetch GET 200 https://registry.npmjs.org/escalade 109ms (cache revalidated)
npm http fetch GET 200 https://registry.npmjs.org/is-plain-obj 373ms (cache revalidated)
npm http fetch GET 200 https://registry.npmjs.org/fill-range 81ms (cache revalidated)
npm http fetch GET 200 https://registry.npmjs.org/picomatch 80ms (cache revalidated)
npm http fetch GET 200 https://registry.npmjs.org/picomatch 91ms (cache revalidated)
npm http fetch GET 200 https://registry.npmjs.org/binary-extensions 89ms (cache revalidated)
npm http fetch GET 200 https://registry.npmjs.org/is-extglob 109ms (cache revalidated)
npm http fetch GET 200 https://registry.npmjs.org/to-regex-range 109ms (cache revalidated)
npm http fetch GET 200 https://registry.npmjs.org/is-number 79ms (cache revalidated)
npm http fetch GET 200 https://registry.npmjs.org/p-locate 80ms (cache revalidated)
npm http fetch GET 200 https://registry.npmjs.org/p-limit 65ms (cache revalidated)
npm http fetch GET 200 https://registry.npmjs.org/react-is 83ms (cache revalidated)
npm http fetch GET 200 https://registry.npmjs.org/loose-envify 109ms (cache revalidated)
npm http fetch GET 200 https://registry.npmjs.org/easy-stack 127ms (cache revalidated)
npm http fetch GET 200 https://registry.npmjs.org/yocto-queue 91ms (cache revalidated)
npm http fetch GET 200 https://registry.npmjs.org/clean-stack 112ms (cache revalidated)
npm http fetch GET 200 https://registry.npmjs.org/indent-string 112ms (cache revalidated)
npm http fetch GET 200 https://registry.npmjs.org/js-tokens 114ms (cache revalidated)
npm http fetch GET 200 https://registry.npmjs.org/from 66ms (cache revalidated)
npm http fetch GET 200 https://registry.npmjs.org/split 81ms (cache revalidated)
npm http fetch GET 200 https://registry.npmjs.org/duplexer 93ms (cache revalidated)
npm http fetch GET 200 https://registry.npmjs.org/pause-stream 105ms (cache revalidated)
npm http fetch GET 200 https://registry.npmjs.org/map-stream 124ms (cache revalidated)
npm http fetch GET 200 https://registry.npmjs.org/stream-combiner 196ms (cache revalidated)
npm http fetch GET 200 https://registry.npmjs.org/get-intrinsic 66ms (cache revalidated)
npm http fetch GET 200 https://registry.npmjs.org/call-bind 69ms (cache revalidated)
npm http fetch GET 200 https://registry.npmjs.org/object-inspect 71ms (cache revalidated)
npm http fetch GET 200 https://registry.npmjs.org/es-errors 85ms (cache revalidated)
npm http fetch GET 200 https://registry.npmjs.org/ajv 14ms (cache hit)
npm http fetch GET 200 https://registry.npmjs.org/har-schema 71ms (cache revalidated)
npm http fetch GET 200 https://registry.npmjs.org/fast-json-stable-stringify 76ms (cache revalidated)
npm http fetch GET 200 https://registry.npmjs.org/uri-js 85ms (cache revalidated)
npm http fetch GET 200 https://registry.npmjs.org/json-schema-traverse 85ms (cache revalidated)
npm http fetch GET 200 https://registry.npmjs.org/fast-deep-equal 88ms (cache revalidated)
npm http fetch GET 200 https://registry.npmjs.org/es-define-property 77ms (cache revalidated)
npm http fetch GET 200 https://registry.npmjs.org/set-function-length 78ms (cache revalidated)
npm http fetch GET 200 https://registry.npmjs.org/function-bind 82ms (cache revalidated)
npm http fetch GET 200 https://registry.npmjs.org/hasown 83ms (cache revalidated)
npm http fetch GET 200 https://registry.npmjs.org/has-symbols 85ms (cache revalidated)
npm http fetch GET 200 https://registry.npmjs.org/has-proto 92ms (cache revalidated)
npm http fetch GET 200 https://registry.npmjs.org/function-bind 113ms (cache revalidated)
npm http fetch GET 200 https://registry.npmjs.org/gopd 63ms (cache revalidated)
npm http fetch GET 200 https://registry.npmjs.org/define-data-property 67ms (cache revalidated)
npm http fetch GET 200 https://registry.npmjs.org/has-property-descriptors 93ms (cache revalidated)
npm http fetch GET 200 https://registry.npmjs.org/requires-port 58ms (cache revalidated)
npm http fetch GET 200 https://registry.npmjs.org/querystringify 71ms (cache revalidated)
npm http fetch GET 200 https://registry.npmjs.org/unique-string 75ms (cache revalidated)
npm http fetch GET 200 https://registry.npmjs.org/cli-boxes 81ms (cache revalidated)
npm http fetch GET 200 https://registry.npmjs.org/package-json 72ms (cache revalidated)
npm http fetch GET 200 https://registry.npmjs.org/ansi-align 88ms (cache revalidated)
npm http fetch GET 200 https://registry.npmjs.org/write-file-atomic 79ms (cache revalidated)
npm http fetch GET 200 https://registry.npmjs.org/escape-goat 87ms (cache revalidated)
npm http fetch GET 200 https://registry.npmjs.org/dot-prop 142ms (cache revalidated)
npm http fetch GET 200 https://registry.npmjs.org/widest-line 689ms (cache revalidated)
npm http fetch GET 200 https://registry.npmjs.org/eastasianwidth 67ms (cache revalidated)
npm http fetch GET 200 https://registry.npmjs.org/imurmurhash 98ms (cache revalidated)
npm http fetch GET 200 https://registry.npmjs.org/crypto-random-string 111ms (cache revalidated)
npm http fetch GET 200 https://registry.npmjs.org/is-obj 114ms (cache revalidated)
npm http fetch GET 200 https://registry.npmjs.org/typedarray-to-buffer 125ms (cache revalidated)
npm http fetch GET 200 https://registry.npmjs.org/registry-url 97ms (cache revalidated)
npm http fetch GET 200 https://registry.npmjs.org/got 101ms (cache revalidated)
npm http fetch GET 200 https://registry.npmjs.org/registry-auth-token 107ms (cache revalidated)
npm http fetch GET 200 https://registry.npmjs.org/p-cancelable 89ms (cache revalidated)
npm http fetch GET 200 https://registry.npmjs.org/form-data-encoder 91ms (cache revalidated)
npm http fetch GET 200 https://registry.npmjs.org/http2-wrapper 96ms (cache revalidated)
npm http fetch GET 200 https://registry.npmjs.org/cacheable-request 100ms (cache revalidated)
npm http fetch GET 200 https://registry.npmjs.org/decompress-response 112ms (cache revalidated)
npm http fetch GET 200 https://registry.npmjs.org/lowercase-keys 115ms (cache revalidated)
npm http fetch GET 200 https://registry.npmjs.org/cacheable-lookup 115ms (cache revalidated)
npm http fetch GET 200 https://registry.npmjs.org/responselike 117ms (cache revalidated)
npm http fetch GET 200 https://registry.npmjs.org/@szmarczak%2fhttp-timer 119ms (cache revalidated)
npm http fetch GET 200 https://registry.npmjs.org/@sindresorhus%2fis 139ms (cache revalidated)
npm http fetch GET 200 https://registry.npmjs.org/@pnpm%2fnpm-conf 169ms (cache revalidated)
npm http fetch GET 200 https://registry.npmjs.org/rc 163ms (cache revalidated)
npm http fetch GET 200 https://registry.npmjs.org/quick-lru 153ms (cache revalidated)
npm http fetch GET 200 https://registry.npmjs.org/mimic-response 157ms (cache revalidated)
npm http fetch GET 200 https://registry.npmjs.org/defer-to-connect 163ms (cache revalidated)
npm http fetch GET 200 https://registry.npmjs.org/resolve-alpn 161ms (cache revalidated)
npm http fetch GET 200 https://registry.npmjs.org/http-cache-semantics 167ms (cache revalidated)
npm http fetch GET 200 https://registry.npmjs.org/mimic-response 167ms (cache revalidated)
npm http fetch GET 200 https://registry.npmjs.org/keyv 171ms (cache revalidated)
npm http fetch GET 200 https://registry.npmjs.org/normalize-url 179ms (cache revalidated)
npm http fetch GET 200 https://registry.npmjs.org/@types%2fhttp-cache-semantics 874ms (cache revalidated)
npm http fetch GET 200 https://registry.npmjs.org/json-buffer 145ms (cache revalidated)
npm http fetch GET 200 https://registry.npmjs.org/config-chain 99ms (cache revalidated)
npm http fetch GET 200 https://registry.npmjs.org/@pnpm%2fconfig.env-replace 447ms (cache revalidated)
npm http fetch GET 200 https://registry.npmjs.org/@pnpm%2fnetwork.ca-file 598ms (cache revalidated)
npm http fetch GET 200 https://registry.npmjs.org/proto-list 100ms (cache revalidated)
npm http fetch GET 200 https://registry.npmjs.org/deep-extend 112ms (cache revalidated)
npm http fetch GET 200 https://registry.npmjs.org/pend 93ms (cache revalidated)
npm http fetch GET 200 https://registry.npmjs.org/crc32-stream 96ms (cache revalidated)
npm http fetch GET 200 https://registry.npmjs.org/crc-32 97ms (cache revalidated)
npm http fetch GET 200 https://registry.npmjs.org/buffer-alloc-unsafe 91ms (cache revalidated)
npm http fetch GET 200 https://registry.npmjs.org/buffer-fill 113ms (cache revalidated)
npm http fetch GET 200 https://registry.npmjs.org/p-try 101ms (cache revalidated)
npm verbose reify failed optional dependency C:\Users\qapat\OneDrive\Área de Trabalho\automation-exercise\tmpBstackPackages\node_modules\fsevents
npm http fetch POST 200 https://registry.npmjs.org/-/npm/v1/security/advisories/bulk 553ms
npm warn deprecated inflight@1.0.6: This module is not supported, and leaks memory. Do not use it. Check out lru-cache if you want a good and tested way to coalesce async requests by a key value, which is much more comprehensive and powerful.
npm warn deprecated rimraf@2.5.4: Rimraf versions prior to v4 are no longer supported
npm warn deprecated har-validator@5.1.5: this library is no longer supported
npm warn deprecated glob@7.2.3: Glob versions prior to v9 are no longer supported
npm warn deprecated glob@8.1.0: Glob versions prior to v9 are no longer supported
npm http fetch GET 200 https://registry.npmjs.org/request 817ms (cache revalidated)
npm http fetch GET 200 https://registry.npmjs.org/tough-cookie 820ms (cache revalidated)
npm warn deprecated uuid@3.4.0: Please upgrade  to version 7 or higher.  Older versions may use Math.random() in certain circumstances, which is known to be problematic.  See https://v8.dev/blog/math-random for details.
npm warn deprecated request@2.88.2: request has been deprecated, see https://github.com/request/request/issues/3142
npm http fetch GET 200 https://registry.npmjs.org/browserstack-cypress-cli 796ms (cache revalidated)
npm info run cypress@13.13.2 postinstall node_modules/cypress node index.js --exec install
npm info run cypress@13.13.2 postinstall { code: 0, signal: null }

added 501 packages, and audited 502 packages in 36s

96 packages are looking for funding
  run `npm fund` for details

3 moderate severity vulnerabilities

To address all issues (including breaking changes), run:
  npm audit fix --force

Run `npm audit` for details.
npm verbose cwd C:\Users\qapat\OneDrive\Área de Trabalho\automation-exercise\tmpBstackPackages
npm verbose os Windows_NT 10.0.22631
npm verbose node v20.16.0
npm verbose npm  v10.8.2
npm verbose exit 0
npm info ok
